Flow report for layer
Sun Mar 01 20:55:15 2026
Quartus Prime Version 20.1.0 Build 711 06/05/2020 SJ Standard Edition


---------------------
; Table of Contents ;
---------------------
  1. Legal Notice
  2. Flow Summary
  3. Flow Settings
  4. Flow Non-Default Global Settings
  5. Flow Elapsed Time
  6. Flow OS Summary
  7. Flow Log
  8. Flow Messages
  9. Flow Suppressed Messages



----------------
; Legal Notice ;
----------------
Copyright (C) 2020  Intel Corporation. All rights reserved.
Your use of Intel Corporation's design tools, logic functions 
and other software and tools, and any partner logic 
functions, and any output files from any of the foregoing 
(including device programming or simulation files), and any 
associated documentation or information are expressly subject 
to the terms and conditions of the Intel Program License 
Subscription Agreement, the Intel Quartus Prime License Agreement,
the Intel FPGA IP License Agreement, or other applicable license
agreement, including, without limitation, that your use is for
the sole purpose of programming logic devices manufactured by
Intel and sold by Intel or its authorized distributors.  Please
refer to the applicable agreement for further details, at
https://fpgasoftware.intel.com/eula.



+-------------------------------------------------------------------------------+
; Flow Summary                                                                  ;
+-----------------------------+-------------------------------------------------+
; Flow Status                 ; Successful - Sun Mar 01 20:55:15 2026           ;
; Quartus Prime Version       ; 20.1.0 Build 711 06/05/2020 SJ Standard Edition ;
; Revision Name               ; layer                                           ;
; Top-level Entity Name       ; layer                                           ;
; Family                      ; Arria 10                                        ;
; Device                      ; 10AX115R4F40I3SG                                ;
; Timing Models               ; Final                                           ;
; Logic utilization (in ALMs) ; 12,815 / 427,200 ( 3 % )                        ;
; Total registers             ; 21799                                           ;
; Total pins                  ; 21 / 650 ( 3 % )                                ;
; Total virtual pins          ; 0                                               ;
; Total block memory bits     ; 262,144 / 55,562,240 ( < 1 % )                  ;
; Total DSP Blocks            ; 64 / 1,518 ( 4 % )                              ;
; Total HSSI RX channels      ; 0 / 66 ( 0 % )                                  ;
; Total HSSI TX channels      ; 0 / 66 ( 0 % )                                  ;
; Total PLLs                  ; 0 / 138 ( 0 % )                                 ;
+-----------------------------+-------------------------------------------------+


+-----------------------------------------+
; Flow Settings                           ;
+-------------------+---------------------+
; Option            ; Setting             ;
+-------------------+---------------------+
; Start date & time ; 03/01/2026 20:46:18 ;
; Main task         ; Compilation         ;
; Revision Name     ; layer               ;
+-------------------+---------------------+


+-----------------------------------------------------------------------------------------------------------------------------+
; Flow Non-Default Global Settings                                                                                            ;
+-------------------------------------+----------------------------------------+---------------+-------------+----------------+
; Assignment Name                     ; Value                                  ; Default Value ; Entity Name ; Section Id     ;
+-------------------------------------+----------------------------------------+---------------+-------------+----------------+
; COMPILER_SIGNATURE_ID               ; 1098488924961.177241597701716          ; --            ; --          ; --             ;
; EDA_OUTPUT_DATA_FORMAT              ; Verilog Hdl                            ; --            ; --          ; eda_simulation ;
; EDA_SIMULATION_TOOL                 ; ModelSim-Altera (Verilog)              ; <None>        ; --          ; --             ;
; MAX_CORE_JUNCTION_TEMP              ; 100                                    ; --            ; --          ; --             ;
; MIN_CORE_JUNCTION_TEMP              ; -40                                    ; --            ; --          ; --             ;
; PARTITION_COLOR                     ; -- (Not supported for targeted family) ; --            ; --          ; Top            ;
; PARTITION_FITTER_PRESERVATION_LEVEL ; -- (Not supported for targeted family) ; --            ; --          ; Top            ;
; PARTITION_NETLIST_TYPE              ; -- (Not supported for targeted family) ; --            ; --          ; Top            ;
; POWER_BOARD_THERMAL_MODEL           ; None (CONSERVATIVE)                    ; --            ; --          ; --             ;
; POWER_PRESET_COOLING_SOLUTION       ; 23 MM HEAT SINK WITH 200 LFPM AIRFLOW  ; --            ; --          ; --             ;
; PROJECT_OUTPUT_DIRECTORY            ; output_files                           ; --            ; --          ; --             ;
+-------------------------------------+----------------------------------------+---------------+-------------+----------------+


+--------------------------------------------------------------------------------------------------------------------------+
; Flow Elapsed Time                                                                                                        ;
+----------------------+--------------+-------------------------+---------------------+------------------------------------+
; Module Name          ; Elapsed Time ; Average Processors Used ; Peak Virtual Memory ; Total CPU Time (on all processors) ;
+----------------------+--------------+-------------------------+---------------------+------------------------------------+
; Analysis & Synthesis ; 00:00:38     ; 4.5                     ; 5386 MB             ; 00:01:35                           ;
; Fitter               ; 00:06:55     ; 1.9                     ; 14854 MB            ; 00:45:19                           ;
; Assembler            ; 00:00:44     ; 1.0                     ; 10934 MB            ; 00:00:43                           ;
; Timing Analyzer      ; 00:00:18     ; 1.9                     ; 8133 MB             ; 00:01:54                           ;
; EDA Netlist Writer   ; 00:00:06     ; 1.0                     ; 4913 MB             ; 00:00:06                           ;
; Total                ; 00:08:41     ; --                      ; --                  ; 00:49:37                           ;
+----------------------+--------------+-------------------------+---------------------+------------------------------------+


+------------------------------------------------------------------------------------+
; Flow OS Summary                                                                    ;
+----------------------+------------------+------------+------------+----------------+
; Module Name          ; Machine Hostname ; OS Name    ; OS Version ; Processor type ;
+----------------------+------------------+------------+------------+----------------+
; Analysis & Synthesis ; Zeus             ; Windows 10 ; 10.0       ; x86_64         ;
; Fitter               ; Zeus             ; Windows 10 ; 10.0       ; x86_64         ;
; Assembler            ; Zeus             ; Windows 10 ; 10.0       ; x86_64         ;
; Timing Analyzer      ; Zeus             ; Windows 10 ; 10.0       ; x86_64         ;
; EDA Netlist Writer   ; Zeus             ; Windows 10 ; 10.0       ; x86_64         ;
+----------------------+------------------+------------+------------+----------------+


------------
; Flow Log ;
------------
quartus_map --read_settings_files=on --write_settings_files=off chebyshev -c layer
quartus_fit --read_settings_files=off --write_settings_files=off chebyshev -c layer
quartus_asm --read_settings_files=off --write_settings_files=off chebyshev -c layer
quartus_sta chebyshev -c layer
quartus_eda --read_settings_files=off --write_settings_files=off chebyshev -c layer



